<?xml version="1.0" encoding="UTF-8"?>
<!-- Generated by org.testng.reporters.JUnitReportReporter -->
<testsuite hostname="PoojaBalhara-MacBook-Pro.local" failures="0" tests="1" name="Tests.CreateOrderPageTests" time="35.204" errors="0" timestamp="2023-04-24T14:13:11 IST" skipped="0">
  <testcase classname="Tests.CreateOrderPageTests" name="createSingleOrder" time="35.204"/>
  <system-out/>
</testsuite> <!-- Tests.CreateOrderPageTests -->
