<?xml version="1.0" encoding="UTF-8"?>
<!-- Generated by org.testng.reporters.JUnitReportReporter -->
<testsuite hostname="PoojaBalhara-MacBook-Pro.local" failures="0" tests="1" name="Tests.LoginPageTests" time="3.842" errors="0" timestamp="2023-04-24T14:13:11 IST" skipped="0">
  <testcase classname="Tests.LoginPageTests" name="verifyLoginPickrr" time="3.842"/>
  <system-out/>
</testsuite> <!-- Tests.LoginPageTests -->
